5 -7 90.0
-1 -7 90.0
5 -1 90.0
-1 -1 90.0
11 -7 90.0
11 -1 90.0
5 -13 90.0
-1 -13 90.0
11 -13 90.0
-3 -7 90.0
-3 -1 90.0
-3 -13 90.0
5 1 90.0
-1 1 90.0
11 1 90.0
-3 1 90.0
9 -7 90.0
9 -1 90.0
9 -13 90.0
9 1 90.0
5 -11 90.0
-1 -11 90.0
11 -11 90.0
-3 -11 90.0
9 -11 90.0
3 -7 90.0
3 -1 90.0
3 -13 90.0
3 1 90.0
3 -11 90.0
5 -5 90.0
-1 -5 90.0
11 -5 90.0
-3 -5 90.0
9 -5 90.0
3 -5 90.0
15 -7 90.0
15 -1 90.0
15 -13 90.0
15 1 90.0
15 -11 90.0
15 -5 90.0
5 -15 90.0
-1 -15 90.0
11 -15 90.0
-3 -15 90.0
9 -15 90.0
3 -15 90.0
15 -15 90.0
-5 -7 90.0
-5 -1 90.0
-5 -13 90.0
-5 1 90.0
-5 -11 90.0
-5 -5 90.0
-5 -15 90.0
5 3 90.0
-1 3 90.0
11 3 90.0
-3 3 90.0
9 3 90.0
3 3 90.0
15 3 90.0
-5 3 90.0
7 -7 90.0
7 -1 90.0
7 -13 90.0
7 1 90.0
7 -11 90.0
7 -5 90.0
7 -15 90.0
7 3 90.0
5 -9 90.0
-1 -9 90.0
11 -9 90.0
-3 -9 90.0
9 -9 90.0
3 -9 90.0
15 -9 90.0
-5 -9 90.0
7 -9 90.0
1 -7 90.0
1 -1 90.0
1 -13 90.0
1 1 90.0
1 -11 90.0
1 -5 90.0
1 -15 90.0
1 3 90.0
1 -9 90.0
5 -3 90.0
-1 -3 90.0
11 -3 90.0
-3 -3 90.0
9 -3 90.0
3 -3 90.0
15 -3 90.0
-5 -3 90.0
7 -3 90.0
1 -3 90.0
13 -7 90.0
13 -1 90.0
13 -13 90.0
13 1 90.0
13 -11 90.0
13 -5 90.0
13 -15 90.0
13 3 90.0
13 -9 90.0
13 -3 90.0
